
Showing logs for build [32mcb-kubecd-environment-pr-5280-6-wdzr8-1[0m stage [32mmeta-pipeline[0m and container [32mstep-credential-initializer-lhqp7[0m
{"level":"warn","ts":1568284727.9783776,"logger":"fallback-logger","caller":"logging/config.go:69","msg":"Fetch GitHub commit ID from kodata failed: \"ref: refs/heads/master\" is not a valid GitHub commit ID"}
{"level":"info","ts":1568284727.9788716,"logger":"fallback-logger","caller":"creds-init/main.go:40","msg":"Credentials initialized."}

Showing logs for build [32mcb-kubecd-environment-pr-5280-6-wdzr8-1[0m stage [32mmeta-pipeline[0m and container [32mstep-working-dir-initializer-gcjqr[0m
{"level":"warn","ts":1568284729.3266504,"logger":"fallback-logger","caller":"logging/config.go:69","msg":"Fetch GitHub commit ID from kodata failed: open /var/run/ko/HEAD: no such file or directory"}
{"level":"info","ts":1568284729.3301818,"logger":"fallback-logger","caller":"bash/main.go:65","msg":"Successfully executed command \"mkdir -p /workspace/source\""}

Showing logs for build [32mcb-kubecd-environment-pr-5280-6-wdzr8-1[0m stage [32mmeta-pipeline[0m and container [32mstep-place-tools[0m

Showing logs for build [32mcb-kubecd-environment-pr-5280-6-wdzr8-1[0m stage [32mmeta-pipeline[0m and container [32mstep-git-source-meta-cb-kubecd-environment-pr-5-lzs9d[0m
{"level":"warn","ts":1568284735.5147686,"logger":"fallback-logger","caller":"logging/config.go:69","msg":"Fetch GitHub commit ID from kodata failed: \"ref: refs/heads/master\" is not a valid GitHub commit ID"}
{"level":"info","ts":1568284736.5394442,"logger":"fallback-logger","caller":"git/git.go:102","msg":"Successfully cloned https://github.com/cb-kubecd/environment-pr-5280-65-tekton-gkebdd-staging.git @ d41248ebfbef972de04c75ecc842e857c91dd88e in path /workspace/source"}

Showing logs for build [32mcb-kubecd-environment-pr-5280-6-wdzr8-1[0m stage [32mmeta-pipeline[0m and container [32mstep-git-merge[0m
Using SHAs from PULL_REFS=master:d41248ebfbef972de04c75ecc842e857c91dd88e,3:5975e0fad68552f3abcdc67dce08d52df622e4c1
DEBUG: ran git fetch --unshallow origin 5975e0fad68552f3abcdc67dce08d52df622e4c1: d41248ebfbef972de04c75ecc842e857c91dd88e: in 
DEBUG: ran git checkout master in 
DEBUG: ran git reset --hard d41248ebfbef972de04c75ecc842e857c91dd88e in 
DEBUG: ran clean --force -d . in 
DEBUG: ran git merge 5975e0fad68552f3abcdc67dce08d52df622e4c1 in 
Merged SHA 5975e0fad68552f3abcdc67dce08d52df622e4c1 with commit message 'chore: Promote bdd-ghf**y-import-1568284624 to version 0.0.1' into base branch master

Showing logs for build [32mcb-kubecd-environment-pr-5280-6-wdzr8-1[0m stage [32mmeta-pipeline[0m and container [32mstep-merge-pull-refs[0m
DEBUG: ran git fetch origin 5975e0fad68552f3abcdc67dce08d52df622e4c1: d41248ebfbef972de04c75ecc842e857c91dd88e: in 
DEBUG: Unshallowed git repo in 
DEBUG: ran git checkout master in 
DEBUG: ran git reset --hard d41248ebfbef972de04c75ecc842e857c91dd88e in 
DEBUG: ran clean --force -d . in 
DEBUG: ran git merge 5975e0fad68552f3abcdc67dce08d52df622e4c1 in 
Merged SHA 5975e0fad68552f3abcdc67dce08d52df622e4c1 with commit message 'chore: Promote bdd-ghf**y-import-1568284624 to version 0.0.1' into base branch master

Showing logs for build [32mcb-kubecd-environment-pr-5280-6-wdzr8-1[0m stage [32mmeta-pipeline[0m and container [32mstep-create-effective-pipeline[0m
Deleting and cloning the Jenkins X versions repo
Cloning the Jenkins X versions repo https://github.com/jenkins-x/jenkins-x-versions.git with ref refs/heads/master to /builder/home/.**/jenkins-x-versions
selected pack: /builder/home/.**/draft/packs/github.com/jenkins-x-buildpacks/jenkins-x-kubernetes/packs/environment
Effective pipeline written to jenkins-x-promotion-build-effective.yml

Showing logs for build [32mcb-kubecd-environment-pr-5280-6-wdzr8-1[0m stage [32mmeta-pipeline[0m and container [32mstep-create-tekton-crds[0m
PipelineActivity for cb-kubecd-environment-pr-5280-65-tekton-gkebdd-staging-PR-3-1
Applying changes 
upserted PipelineResource cb-kubecd-environment-pr-5280-6 for the git repository https://github.com/cb-kubecd/environment-pr-5280-65-tekton-gkebdd-staging.git
upserted Task cb-kubecd-environment-pr-5280-6-wdzr8-from-build-pack-1
upserted Pipeline cb-kubecd-environment-pr-5280-6-wdzr8-1
created PipelineRun cb-kubecd-environment-pr-5280-6-wdzr8-1
created PipelineStructure cb-kubecd-environment-pr-5280-6-wdzr8-1

Showing logs for build [32mcb-kubecd-environment-pr-5280-6-wdzr8-1[0m stage [32mfrom-build-pack[0m and container [32mstep-credential-initializer-rb7xw[0m
{"level":"warn","ts":1568284750.5385864,"logger":"fallback-logger","caller":"logging/config.go:69","msg":"Fetch GitHub commit ID from kodata failed: \"ref: refs/heads/master\" is not a valid GitHub commit ID"}
{"level":"info","ts":1568284750.5394928,"logger":"fallback-logger","caller":"creds-init/main.go:40","msg":"Credentials initialized."}

Showing logs for build [32mcb-kubecd-environment-pr-5280-6-wdzr8-1[0m stage [32mfrom-build-pack[0m and container [32mstep-working-dir-initializer-h4t25[0m
{"level":"warn","ts":1568284751.8666384,"logger":"fallback-logger","caller":"logging/config.go:69","msg":"Fetch GitHub commit ID from kodata failed: open /var/run/ko/HEAD: no such file or directory"}
{"level":"info","ts":1568284751.8684404,"logger":"fallback-logger","caller":"bash/main.go:65","msg":"Successfully executed command \"mkdir -p /workspace/source /workspace/source/env\""}

Showing logs for build [32mcb-kubecd-environment-pr-5280-6-wdzr8-1[0m stage [32mfrom-build-pack[0m and container [32mstep-place-tools[0m

Showing logs for build [32mcb-kubecd-environment-pr-5280-6-wdzr8-1[0m stage [32mfrom-build-pack[0m and container [32mstep-git-source-cb-kubecd-environment-pr-5280-6-9q6p8[0m
{"level":"warn","ts":1568284757.9841151,"logger":"fallback-logger","caller":"logging/config.go:69","msg":"Fetch GitHub commit ID from kodata failed: \"ref: refs/heads/master\" is not a valid GitHub commit ID"}
{"level":"info","ts":1568284759.1105638,"logger":"fallback-logger","caller":"git/git.go:102","msg":"Successfully cloned https://github.com/cb-kubecd/environment-pr-5280-65-tekton-gkebdd-staging.git @ master in path /workspace/source"}

Showing logs for build [32mcb-kubecd-environment-pr-5280-6-wdzr8-1[0m stage [32mfrom-build-pack[0m and container [32mstep-git-merge[0m
Using SHAs from PULL_REFS=master:d41248ebfbef972de04c75ecc842e857c91dd88e,3:5975e0fad68552f3abcdc67dce08d52df622e4c1
DEBUG: ran git fetch origin 5975e0fad68552f3abcdc67dce08d52df622e4c1: d41248ebfbef972de04c75ecc842e857c91dd88e: in 
DEBUG: Unshallowed git repo in 
DEBUG: ran git checkout master in 
DEBUG: ran git reset --hard d41248ebfbef972de04c75ecc842e857c91dd88e in 
DEBUG: ran clean --force -d . in 
DEBUG: ran git merge 5975e0fad68552f3abcdc67dce08d52df622e4c1 in 
Merged SHA 5975e0fad68552f3abcdc67dce08d52df622e4c1 with commit message 'chore: Promote bdd-ghf**y-import-1568284624 to version 0.0.1' into base branch master

Showing logs for build [32mcb-kubecd-environment-pr-5280-6-wdzr8-1[0m stage [32mfrom-build-pack[0m and container [32mstep-build-helm-build[0m
WARNING: No $CHART_REPOSITORY defined so using the default value of: http://jenkins-x-chartmuseum:8080
Adding missing Helm repo: storage.googleapis.com https://storage.googleapis.com/chartmuseum.jenkins-x.io
Successfully added Helm repository storage.googleapis.com.
Adding missing Helm repo: jenkins-x-chartmuseum http://jenkins-x-chartmuseum:8080
Successfully added Helm repository jenkins-x-chartmuseum.
WARNING: No $CHART_REPOSITORY defined so using the default value of: http://jenkins-x-chartmuseum:8080
Adding missing Helm repo: chartmuseum.jenkins-x.io http://chartmuseum.jenkins-x.io
Successfully added Helm repository chartmuseum.jenkins-x.io.
