
Showing logs for build [32mcb-kubecd-environment-pr-5280-6-1[0m stage [32mmeta-pipeline[0m and container [32mstep-credential-initializer-8nk22[0m
{"level":"warn","ts":1568283362.1280336,"logger":"fallback-logger","caller":"logging/config.go:69","msg":"Fetch GitHub commit ID from kodata failed: \"ref: refs/heads/master\" is not a valid GitHub commit ID"}
{"level":"info","ts":1568283362.128715,"logger":"fallback-logger","caller":"creds-init/main.go:40","msg":"Credentials initialized."}

Showing logs for build [32mcb-kubecd-environment-pr-5280-6-1[0m stage [32mmeta-pipeline[0m and container [32mstep-working-dir-initializer-n6kfj[0m
{"level":"warn","ts":1568283363.4608383,"logger":"fallback-logger","caller":"logging/config.go:69","msg":"Fetch GitHub commit ID from kodata failed: open /var/run/ko/HEAD: no such file or directory"}
{"level":"info","ts":1568283363.4621854,"logger":"fallback-logger","caller":"bash/main.go:65","msg":"Successfully executed command \"mkdir -p /workspace/source\""}

Showing logs for build [32mcb-kubecd-environment-pr-5280-6-1[0m stage [32mmeta-pipeline[0m and container [32mstep-place-tools[0m

Showing logs for build [32mcb-kubecd-environment-pr-5280-6-1[0m stage [32mmeta-pipeline[0m and container [32mstep-git-source-meta-cb-kubecd-environment-pr-5-tmf5h[0m
{"level":"warn","ts":1568283369.5121953,"logger":"fallback-logger","caller":"logging/config.go:69","msg":"Fetch GitHub commit ID from kodata failed: \"ref: refs/heads/master\" is not a valid GitHub commit ID"}
{"level":"info","ts":1568283370.6325395,"logger":"fallback-logger","caller":"git/git.go:102","msg":"Successfully cloned https://github.com/cb-kubecd/environment-pr-5280-65-tekton-gkebdd-staging.git @ 6a035b913fab204a35a3c549d0753e3d910401b9 in path /workspace/source"}

Showing logs for build [32mcb-kubecd-environment-pr-5280-6-1[0m stage [32mmeta-pipeline[0m and container [32mstep-git-merge[0m
Using SHAs from PULL_REFS=master:6a035b913fab204a35a3c549d0753e3d910401b9,1:f58cd21ceade19b43a9adc0be20d6e98188ed777
DEBUG: ran git fetch --unshallow origin f58cd21ceade19b43a9adc0be20d6e98188ed777: 6a035b913fab204a35a3c549d0753e3d910401b9: in 
DEBUG: ran git checkout master in 
DEBUG: ran git reset --hard 6a035b913fab204a35a3c549d0753e3d910401b9 in 
DEBUG: ran clean --force -d . in 
DEBUG: ran git merge f58cd21ceade19b43a9adc0be20d6e98188ed777 in 
Merged SHA f58cd21ceade19b43a9adc0be20d6e98188ed777 with commit message 'chore: Promote bdd-spring-1568283073 to version 0.0.1' into base branch master

Showing logs for build [32mcb-kubecd-environment-pr-5280-6-1[0m stage [32mmeta-pipeline[0m and container [32mstep-merge-pull-refs[0m
DEBUG: ran git fetch origin f58cd21ceade19b43a9adc0be20d6e98188ed777: 6a035b913fab204a35a3c549d0753e3d910401b9: in 
DEBUG: Unshallowed git repo in 
DEBUG: ran git checkout master in 
DEBUG: ran git reset --hard 6a035b913fab204a35a3c549d0753e3d910401b9 in 
DEBUG: ran clean --force -d . in 
DEBUG: ran git merge f58cd21ceade19b43a9adc0be20d6e98188ed777 in 
Merged SHA f58cd21ceade19b43a9adc0be20d6e98188ed777 with commit message 'chore: Promote bdd-spring-1568283073 to version 0.0.1' into base branch master

Showing logs for build [32mcb-kubecd-environment-pr-5280-6-1[0m stage [32mmeta-pipeline[0m and container [32mstep-create-effective-pipeline[0m
Deleting and cloning the Jenkins X versions repo
Cloning the Jenkins X versions repo https://github.com/jenkins-x/jenkins-x-versions.git with ref refs/heads/master to /builder/home/.**/jenkins-x-versions
selected pack: /builder/home/.**/draft/packs/github.com/jenkins-x-buildpacks/jenkins-x-kubernetes/packs/environment
Effective pipeline written to jenkins-x-promotion-build-effective.yml

Showing logs for build [32mcb-kubecd-environment-pr-5280-6-1[0m stage [32mmeta-pipeline[0m and container [32mstep-create-tekton-crds[0m
PipelineActivity for cb-kubecd-environment-pr-5280-65-tekton-gkebdd-staging-PR-1-1
Applying changes 
upserted PipelineResource cb-kubecd-environment-pr-5280-6 for the git repository https://github.com/cb-kubecd/environment-pr-5280-65-tekton-gkebdd-staging.git
upserted Task cb-kubecd-environment-pr-5280-6-from-build-pack-1
upserted Pipeline cb-kubecd-environment-pr-5280-6-1
created PipelineRun cb-kubecd-environment-pr-5280-6-1
created PipelineStructure cb-kubecd-environment-pr-5280-6-1

Showing logs for build [32mcb-kubecd-environment-pr-5280-6-1[0m stage [32mfrom-build-pack[0m and container [32mstep-credential-initializer-tpjkk[0m
{"level":"warn","ts":1568283383.8548858,"logger":"fallback-logger","caller":"logging/config.go:69","msg":"Fetch GitHub commit ID from kodata failed: \"ref: refs/heads/master\" is not a valid GitHub commit ID"}
{"level":"info","ts":1568283383.8556387,"logger":"fallback-logger","caller":"creds-init/main.go:40","msg":"Credentials initialized."}

Showing logs for build [32mcb-kubecd-environment-pr-5280-6-1[0m stage [32mfrom-build-pack[0m and container [32mstep-working-dir-initializer-8jbvx[0m
{"level":"warn","ts":1568283384.8192394,"logger":"fallback-logger","caller":"logging/config.go:69","msg":"Fetch GitHub commit ID from kodata failed: open /var/run/ko/HEAD: no such file or directory"}
{"level":"info","ts":1568283384.8248873,"logger":"fallback-logger","caller":"bash/main.go:65","msg":"Successfully executed command \"mkdir -p /workspace/source /workspace/source/env\""}

Showing logs for build [32mcb-kubecd-environment-pr-5280-6-1[0m stage [32mfrom-build-pack[0m and container [32mstep-place-tools[0m

Showing logs for build [32mcb-kubecd-environment-pr-5280-6-1[0m stage [32mfrom-build-pack[0m and container [32mstep-git-source-cb-kubecd-environment-pr-5280-6-sn8dp[0m
{"level":"warn","ts":1568283454.0131211,"logger":"fallback-logger","caller":"logging/config.go:69","msg":"Fetch GitHub commit ID from kodata failed: \"ref: refs/heads/master\" is not a valid GitHub commit ID"}
{"level":"info","ts":1568283455.2204356,"logger":"fallback-logger","caller":"git/git.go:102","msg":"Successfully cloned https://github.com/cb-kubecd/environment-pr-5280-65-tekton-gkebdd-staging.git @ master in path /workspace/source"}

Showing logs for build [32mcb-kubecd-environment-pr-5280-6-1[0m stage [32mfrom-build-pack[0m and container [32mstep-git-merge[0m
Using SHAs from PULL_REFS=master:6a035b913fab204a35a3c549d0753e3d910401b9,1:f58cd21ceade19b43a9adc0be20d6e98188ed777
DEBUG: ran git fetch origin f58cd21ceade19b43a9adc0be20d6e98188ed777: 6a035b913fab204a35a3c549d0753e3d910401b9: in 
DEBUG: Unshallowed git repo in 
DEBUG: ran git checkout master in 
DEBUG: ran git reset --hard 6a035b913fab204a35a3c549d0753e3d910401b9 in 
DEBUG: ran clean --force -d . in 
DEBUG: ran git merge f58cd21ceade19b43a9adc0be20d6e98188ed777 in 
Merged SHA f58cd21ceade19b43a9adc0be20d6e98188ed777 with commit message 'chore: Promote bdd-spring-1568283073 to version 0.0.1' into base branch master

Showing logs for build [32mcb-kubecd-environment-pr-5280-6-1[0m stage [32mfrom-build-pack[0m and container [32mstep-build-helm-build[0m
WARNING: No $CHART_REPOSITORY defined so using the default value of: http://jenkins-x-chartmuseum:8080
Adding missing Helm repo: storage.googleapis.com https://storage.googleapis.com/chartmuseum.jenkins-x.io
Successfully added Helm repository storage.googleapis.com.
Adding missing Helm repo: jenkins-x-chartmuseum http://jenkins-x-chartmuseum:8080
Successfully added Helm repository jenkins-x-chartmuseum.
WARNING: No $CHART_REPOSITORY defined so using the default value of: http://jenkins-x-chartmuseum:8080
Adding missing Helm repo: chartmuseum.jenkins-x.io http://chartmuseum.jenkins-x.io
Successfully added Helm repository chartmuseum.jenkins-x.io.
